mpif77 -c  -O2 -fcray-pointer -fdefault-real-8 -x f77-cpp-input -DPTRSIZE8 -DMPI -DLONGINT8 -DUNDERSCORE -DGLOBAL_LONG_LONG -I/home/pcastonguay/Perforce_workspace_sw/sw/devrel/internal/miniapps/nekbone/nekbone-2.2.x.cuda/build -I/home/pcastonguay/Perforce_workspace_sw/sw/devrel/internal/miniapps/nekbone/nekbone-2.2.x.cuda/src/src -I./	 /home/pcastonguay/Perforce_workspace_sw/sw/devrel/internal/miniapps/nekbone/nekbone-2.2.x.cuda/src/src/driver.f -o obj/driver.o -DCUDA
nvcc -arch=sm_35 --ptxas-options=-v -c  -O2 -DPTRSIZE8 -DMPI -DLONGINT8 -DUNDERSCORE -DGLOBAL_LONG_LONG -I/usr/lib/openmpi/include/ -I/usr/local/cuda5.5/include -I/home/pcastonguay/Perforce_workspace_sw/sw/devrel/internal/miniapps/nekbone/nekbone-2.2.x.cuda/src/src -DPREFIX=jl_ /home/pcastonguay/Perforce_workspace_sw/sw/devrel/internal/miniapps/nekbone/nekbone-2.2.x.cuda/src/src/cgcuda.cu -o obj/cgcuda.o
/home/pcastonguay/Perforce_workspace_sw/sw/devrel/internal/miniapps/nekbone/nekbone-2.2.x.cuda/src/src/cgcuda.cu(3243): warning: statement is unreachable

/home/pcastonguay/Perforce_workspace_sw/sw/devrel/internal/miniapps/nekbone/nekbone-2.2.x.cuda/src/src/cgcuda.cu(393): warning: variable "stride" was declared but never referenced

/home/pcastonguay/Perforce_workspace_sw/sw/devrel/internal/miniapps/nekbone/nekbone-2.2.x.cuda/src/src/cgcuda.cu(351): warning: variable "pt_id_div_p" was declared but never referenced

/home/pcastonguay/Perforce_workspace_sw/sw/devrel/internal/miniapps/nekbone/nekbone-2.2.x.cuda/src/src/cgcuda.cu(352): warning: variable "pt_id_mod_p" was declared but never referenced

/home/pcastonguay/Perforce_workspace_sw/sw/devrel/internal/miniapps/nekbone/nekbone-2.2.x.cuda/src/src/cgcuda.cu(353): warning: variable "pt_id_div_p_sq" was declared but never referenced

/home/pcastonguay/Perforce_workspace_sw/sw/devrel/internal/miniapps/nekbone/nekbone-2.2.x.cuda/src/src/cgcuda.cu(354): warning: variable "pt_id_mod_p_sq" was declared but never referenced

/home/pcastonguay/Perforce_workspace_sw/sw/devrel/internal/miniapps/nekbone/nekbone-2.2.x.cuda/src/src/cgcuda.cu(839): warning: variable "pt_id_div_p" was declared but never referenced

/home/pcastonguay/Perforce_workspace_sw/sw/devrel/internal/miniapps/nekbone/nekbone-2.2.x.cuda/src/src/cgcuda.cu(840): warning: variable "pt_id_mod_p" was declared but never referenced

/home/pcastonguay/Perforce_workspace_sw/sw/devrel/internal/miniapps/nekbone/nekbone-2.2.x.cuda/src/src/cgcuda.cu(842): warning: variable "pt_id_mod_p_sq" was declared but never referenced

/home/pcastonguay/Perforce_workspace_sw/sw/devrel/internal/miniapps/nekbone/nekbone-2.2.x.cuda/src/src/cgcuda.cu(1064): warning: variable "pt_id_div_p" was declared but never referenced

/home/pcastonguay/Perforce_workspace_sw/sw/devrel/internal/miniapps/nekbone/nekbone-2.2.x.cuda/src/src/cgcuda.cu(1065): warning: variable "pt_id_mod_p" was declared but never referenced

/home/pcastonguay/Perforce_workspace_sw/sw/devrel/internal/miniapps/nekbone/nekbone-2.2.x.cuda/src/src/cgcuda.cu(1067): warning: variable "pt_id_mod_p_sq" was declared but never referenced

/home/pcastonguay/Perforce_workspace_sw/sw/devrel/internal/miniapps/nekbone/nekbone-2.2.x.cuda/src/src/cgcuda.cu(1487): warning: variable "s_offset" was declared but never referenced

/home/pcastonguay/Perforce_workspace_sw/sw/devrel/internal/miniapps/nekbone/nekbone-2.2.x.cuda/src/src/cgcuda.cu(1848): warning: variable "pt_id_div_p" was declared but never referenced

/home/pcastonguay/Perforce_workspace_sw/sw/devrel/internal/miniapps/nekbone/nekbone-2.2.x.cuda/src/src/cgcuda.cu(1916): warning: variable "tid_div_p" was declared but never referenced

/home/pcastonguay/Perforce_workspace_sw/sw/devrel/internal/miniapps/nekbone/nekbone-2.2.x.cuda/src/src/cgcuda.cu(2174): warning: variable "pt_id_div_p" was declared but never referenced

/home/pcastonguay/Perforce_workspace_sw/sw/devrel/internal/miniapps/nekbone/nekbone-2.2.x.cuda/src/src/cgcuda.cu(2277): warning: variable "pt_id_div_p" was declared but never referenced

/home/pcastonguay/Perforce_workspace_sw/sw/devrel/internal/miniapps/nekbone/nekbone-2.2.x.cuda/src/src/cgcuda.cu(2381): warning: variable "pt_id_div_p" was declared but never referenced

/home/pcastonguay/Perforce_workspace_sw/sw/devrel/internal/miniapps/nekbone/nekbone-2.2.x.cuda/src/src/cgcuda.cu(2484): warning: variable "pt_id_div_p" was declared but never referenced

/home/pcastonguay/Perforce_workspace_sw/sw/devrel/internal/miniapps/nekbone/nekbone-2.2.x.cuda/src/src/cgcuda.cu(2582): warning: variable "pt_id_div_p" was declared but never referenced

/home/pcastonguay/Perforce_workspace_sw/sw/devrel/internal/miniapps/nekbone/nekbone-2.2.x.cuda/src/src/cgcuda.cu(2673): warning: variable "pt_id_div_p" was declared but never referenced

/home/pcastonguay/Perforce_workspace_sw/sw/devrel/internal/miniapps/nekbone/nekbone-2.2.x.cuda/src/src/cgcuda.cu(2763): warning: variable "pt_id_div_p" was declared but never referenced

/home/pcastonguay/Perforce_workspace_sw/sw/devrel/internal/miniapps/nekbone/nekbone-2.2.x.cuda/src/src/cgcuda.cu(2854): warning: variable "pt_id_div_p" was declared but never referenced

/home/pcastonguay/Perforce_workspace_sw/sw/devrel/internal/miniapps/nekbone/nekbone-2.2.x.cuda/src/src/cgcuda.cu(3243): warning: statement is unreachable

ptxas info    : 320 bytes gmem
ptxas info    : Compiling entry function '_Z5gsmxmPdiS_iS_ii' for 'sm_35'
ptxas info    : Function properties for _Z5gsmxmPdiS_iS_ii
    0 bytes stack frame, 0 bytes spill stores, 0 bytes spill loads
ptxas info    : Used 22 registers, 368 bytes cmem[0]
ptxas info    : Compiling entry function '_Z26ax_cuda_kernel_v8_shared_DILi12ELi144ELi1728ELi1728ELi3ELi4ELi576ELi2EEvPKdPdS1_S1_S1_i' for 'sm_35'
ptxas info    : Function properties for _Z26ax_cuda_kernel_v8_shared_DILi12ELi144ELi1728ELi1728ELi3ELi4ELi576ELi2EEvPKdPdS1_S1_S1_i
    0 bytes stack frame, 0 bytes spill stores, 0 bytes spill loads
ptxas info    : Used 56 registers, 6912 bytes smem, 364 bytes cmem[0], 8 bytes cmem[2]
ptxas info    : Compiling entry function '_Z4geomiPdS_S_S_' for 'sm_35'
ptxas info    : Function properties for _Z4geomiPdS_S_S_
    0 bytes stack frame, 0 bytes spill stores, 0 bytes spill loads
ptxas info    : Used 30 registers, 360 bytes cmem[0]
ptxas info    : Compiling entry function '_ZN6thrust6system4cuda6detail6detail23launch_closure_by_valueINS2_13reduce_detail24unordered_reduce_closureINS_10device_ptrIdEEldNS_6detail15normal_iteratorINS_7pointerIdNS2_3tagENS_11use_defaultESD_EEEENS_4plusIdEENS3_20blocked_thread_arrayEEEEEvT_' for 'sm_35'
ptxas info    : Function properties for _ZN6thrust6system4cuda6detail6detail23launch_closure_by_valueINS2_13reduce_detail24unordered_reduce_closureINS_10device_ptrIdEEldNS_6detail15normal_iteratorINS_7pointerIdNS2_3tagENS_11use_defaultESD_EEEENS_4plusIdEENS3_20blocked_thread_arrayEEEEEvT_
    0 bytes stack frame, 0 bytes spill stores, 0 bytes spill loads
ptxas info    : Used 14 registers, 368 bytes cmem[0]
ptxas info    : Compiling entry function '_Z24local_scatter_kernel_COOIdEvPT_PKS0_PKjS5_i' for 'sm_35'
ptxas info    : Function properties for _Z24local_scatter_kernel_COOIdEvPT_PKS0_PKjS5_i
    0 bytes stack frame, 0 bytes spill stores, 0 bytes spill loads
ptxas info    : Used 14 registers, 356 bytes cmem[0]
ptxas info    : Compiling entry function '_Z26ax_cuda_kernel_v8_shared_DILi9ELi81ELi729ELi729ELi3ELi3ELi243ELi4EEvPKdPdS1_S1_S1_i' for 'sm_35'
ptxas info    : Function properties for _Z26ax_cuda_kernel_v8_shared_DILi9ELi81ELi729ELi729ELi3ELi3ELi243ELi4EEvPKdPdS1_S1_S1_i
    0 bytes stack frame, 0 bytes spill stores, 0 bytes spill loads
ptxas info    : Used 62 registers, 3248 bytes smem, 364 bytes cmem[0], 8 bytes cmem[2]
ptxas info    : Compiling entry function '_ZN6thrust6system4cuda6detail6detail23launch_closure_by_valueINS2_13reduce_detail24unordered_reduce_closureINS_6detail15normal_iteratorINS_7pointerIdNS2_3tagENS_11use_defaultESB_EEEEldSD_NS_4plusIdEENS3_20blocked_thread_arrayEEEEEvT_' for 'sm_35'
ptxas info    : Function properties for _ZN6thrust6system4cuda6detail6detail23launch_closure_by_valueINS2_13reduce_detail24unordered_reduce_closureINS_6detail15normal_iteratorINS_7pointerIdNS2_3tagENS_11use_defaultESB_EEEEldSD_NS_4plusIdEENS3_20blocked_thread_arrayEEEEEvT_
    0 bytes stack frame, 0 bytes spill stores, 0 bytes spill loads
ptxas info    : Used 14 registers, 368 bytes cmem[0]
ptxas info    : Compiling entry function '_Z11mask_kernelPdi' for 'sm_35'
ptxas info    : Function properties for _Z11mask_kernelPdi
    0 bytes stack frame, 0 bytes spill stores, 0 bytes spill loads
ptxas info    : Used 4 registers, 332 bytes cmem[0]
ptxas info    : Compiling entry function '_Z5gadd2PdS_i' for 'sm_35'
ptxas info    : Function properties for _Z5gadd2PdS_i
    0 bytes stack frame, 0 bytes spill stores, 0 bytes spill loads
ptxas info    : Used 10 registers, 340 bytes cmem[0]
ptxas info    : Compiling entry function '_Z17glsc3_cuda_kernelPdS_S_S_i' for 'sm_35'
ptxas info    : Function properties for _Z17glsc3_cuda_kernelPdS_S_S_i
    0 bytes stack frame, 0 bytes spill stores, 0 bytes spill loads
ptxas info    : Used 15 registers, 356 bytes cmem[0]
ptxas info    : Compiling entry function '_Z19local_gather_kernelIdEvPT_PKS0_PKjS5_S5_i' for 'sm_35'
ptxas info    : Function properties for _Z19local_gather_kernelIdEvPT_PKS0_PKjS5_S5_i
    0 bytes stack frame, 0 bytes spill stores, 0 bytes spill loads
ptxas info    : Used 22 registers, 364 bytes cmem[0]
mpif77 -o nekbone-cgcuda  obj/driver.o obj/mxm_wrapper.o obj/prox_dssum.o obj/prox_setup.o obj/semhat.o obj/speclib.o obj/comm_mpi.o obj/mxm_std.o obj/blas.o obj/jl_gs.o obj/jl_sort.o obj/jl_sarray_transfer.o obj/jl_sarray_sort.o obj/jl_gs_local.o obj/jl_crystal.o obj/jl_comm.o obj/jl_tensor.o obj/jl_fail.o obj/jl_fcrystal.o obj/cg-cuda.o obj/cgcuda.o obj/math.o -L/usr/local/cuda-5.5/lib64 -lcudart -lcublas
#############################################################
#                  Compilation successful!                  #
#############################################################
   text	   data	    bss	    dec	    hex	filename
1063523	   1876	2127844104	2128909503	7ee494bf	nekbone-cgcuda

